DEB [20180601-09:35:54.723] thr=1   paramiko.transport: starting thread (client mode): 0x2d4b910L
DEB [20180601-09:35:54.723] thr=1   paramiko.transport: Local version/idstring: SSH-2.0-paramiko_2.2.1
DEB [20180601-09:35:54.730] thr=1   paramiko.transport: Remote version/idstring: SSH-2.0-OpenSSH_5.3
INF [20180601-09:35:54.730] thr=1   paramiko.transport: Connected (version 2.0, client OpenSSH_5.3)
DEB [20180601-09:35:54.730] thr=1   paramiko.transport: kex algos:[u'diffie-hellman-group-exchange-sha256', u'diffie-hellman-group-exchange-sha1', u'diffie-hellman-group14-sha1', u'diffie-hellman-group1-sha1'] server key:[u'ssh-rsa', u'ssh-dss'] client encrypt:[u'aes128-ctr', u'aes192-ctr', u'aes256-ctr', u'arcfour256', u'arcfour128', u'aes128-cbc', u'3des-cbc', u'blowfish-cbc', u'cast128-cbc', u'aes192-cbc', u'aes256-cbc', u'arcfour', u'rijndael-cbc@lysator.liu.se'] server encrypt:[u'aes128-ctr', u'aes192-ctr', u'aes256-ctr', u'arcfour256', u'arcfour128', u'aes128-cbc', u'3des-cbc', u'blowfish-cbc', u'cast128-cbc', u'aes192-cbc', u'aes256-cbc', u'arcfour', u'rijndael-cbc@lysator.liu.se'] client mac:[u'hmac-md5', u'hmac-sha1', u'umac-64@openssh.com', u'hmac-sha2-256', u'hmac-sha2-512', u'hmac-ripemd160', u'hmac-ripemd160@openssh.com', u'hmac-sha1-96', u'hmac-md5-96'] server mac:[u'hmac-md5', u'hmac-sha1', u'umac-64@openssh.com', u'hmac-sha2-256', u'hmac-sha2-512', u'hmac-ripemd160', u'hmac-ripemd160@openssh.com', u'hmac-sha1-96', u'hmac-md5-96'] client compress:[u'none', u'zlib@openssh.com'] server compress:[u'none', u'zlib@openssh.com'] client lang:[u''] server lang:[u''] kex follows?False
DEB [20180601-09:35:54.730] thr=1   paramiko.transport: Kex agreed: diffie-hellman-group-exchange-sha256
DEB [20180601-09:35:54.730] thr=1   paramiko.transport: HostKey agreed: ssh-rsa
DEB [20180601-09:35:54.732] thr=1   paramiko.transport: Cipher agreed: aes128-ctr
DEB [20180601-09:35:54.732] thr=1   paramiko.transport: MAC agreed: hmac-sha2-256
DEB [20180601-09:35:54.732] thr=1   paramiko.transport: Compression agreed: none
DEB [20180601-09:35:54.776] thr=1   paramiko.transport: Got server p (2048 bits)
DEB [20180601-09:35:55.227] thr=1   paramiko.transport: kex engine KexGexSHA256 specified hash_algo <built-in function openssl_sha256>
DEB [20180601-09:35:55.229] thr=1   paramiko.transport: Switch to new keys ...
DEB [20180601-09:37:36.736] thr=1   paramiko.transport: starting thread (client mode): 0x2f1f9b0L
DEB [20180601-09:37:36.737] thr=1   paramiko.transport: Local version/idstring: SSH-2.0-paramiko_2.2.1
DEB [20180601-09:37:36.744] thr=1   paramiko.transport: Remote version/idstring: SSH-2.0-OpenSSH_5.3
INF [20180601-09:37:36.744] thr=1   paramiko.transport: Connected (version 2.0, client OpenSSH_5.3)
DEB [20180601-09:37:36.746] thr=1   paramiko.transport: kex algos:[u'diffie-hellman-group-exchange-sha256', u'diffie-hellman-group-exchange-sha1', u'diffie-hellman-group14-sha1', u'diffie-hellman-group1-sha1'] server key:[u'ssh-rsa', u'ssh-dss'] client encrypt:[u'aes128-ctr', u'aes192-ctr', u'aes256-ctr', u'arcfour256', u'arcfour128', u'aes128-cbc', u'3des-cbc', u'blowfish-cbc', u'cast128-cbc', u'aes192-cbc', u'aes256-cbc', u'arcfour', u'rijndael-cbc@lysator.liu.se'] server encrypt:[u'aes128-ctr', u'aes192-ctr', u'aes256-ctr', u'arcfour256', u'arcfour128', u'aes128-cbc', u'3des-cbc', u'blowfish-cbc', u'cast128-cbc', u'aes192-cbc', u'aes256-cbc', u'arcfour', u'rijndael-cbc@lysator.liu.se'] client mac:[u'hmac-md5', u'hmac-sha1', u'umac-64@openssh.com', u'hmac-sha2-256', u'hmac-sha2-512', u'hmac-ripemd160', u'hmac-ripemd160@openssh.com', u'hmac-sha1-96', u'hmac-md5-96'] server mac:[u'hmac-md5', u'hmac-sha1', u'umac-64@openssh.com', u'hmac-sha2-256', u'hmac-sha2-512', u'hmac-ripemd160', u'hmac-ripemd160@openssh.com', u'hmac-sha1-96', u'hmac-md5-96'] client compress:[u'none', u'zlib@openssh.com'] server compress:[u'none', u'zlib@openssh.com'] client lang:[u''] server lang:[u''] kex follows?False
DEB [20180601-09:37:36.746] thr=1   paramiko.transport: Kex agreed: diffie-hellman-group-exchange-sha256
DEB [20180601-09:37:36.746] thr=1   paramiko.transport: HostKey agreed: ssh-rsa
DEB [20180601-09:37:36.746] thr=1   paramiko.transport: Cipher agreed: aes128-ctr
DEB [20180601-09:37:36.746] thr=1   paramiko.transport: MAC agreed: hmac-sha2-256
DEB [20180601-09:37:36.746] thr=1   paramiko.transport: Compression agreed: none
DEB [20180601-09:37:36.747] thr=1   paramiko.transport: Got server p (2048 bits)
DEB [20180601-09:37:37.134] thr=1   paramiko.transport: kex engine KexGexSHA256 specified hash_algo <built-in function openssl_sha256>
DEB [20180601-09:37:37.134] thr=1   paramiko.transport: Switch to new keys ...
DEB [20180601-09:37:44.588] thr=1   paramiko.transport: userauth is OK
INF [20180601-09:37:44.638] thr=1   paramiko.transport: Authentication (password) successful!
DEB [20180601-09:37:44.651] thr=2   paramiko.transport: [chan 0] Max packet in: 32768 bytes
DEB [20180601-09:37:44.651] thr=1   paramiko.transport: [chan 0] Max packet out: 32768 bytes
DEB [20180601-09:37:44.651] thr=1   paramiko.transport: Secsh channel 0 opened.
DEB [20180601-09:37:44.654] thr=1   paramiko.transport: [chan 0] Sesch channel 0 request ok
DEB [20180601-09:37:44.654] thr=1   paramiko.transport: [chan 0] Sesch channel 0 request ok
DEB [20180601-09:37:44.720] thr=1   paramiko.transport: EOF in transport thread
DEB [20180601-09:37:54.733] thr=1   paramiko.transport: EOF in transport thread
DEB [20180601-09:38:21.075] thr=1   paramiko.transport: starting thread (client mode): 0x2d558d0L
DEB [20180601-09:38:21.075] thr=1   paramiko.transport: Local version/idstring: SSH-2.0-paramiko_2.2.1
DEB [20180601-09:38:21.081] thr=1   paramiko.transport: Remote version/idstring: SSH-2.0-OpenSSH_5.3
INF [20180601-09:38:21.081] thr=1   paramiko.transport: Connected (version 2.0, client OpenSSH_5.3)
DEB [20180601-09:38:21.082] thr=1   paramiko.transport: kex algos:[u'diffie-hellman-group-exchange-sha256', u'diffie-hellman-group-exchange-sha1', u'diffie-hellman-group14-sha1', u'diffie-hellman-group1-sha1'] server key:[u'ssh-rsa', u'ssh-dss'] client encrypt:[u'aes128-ctr', u'aes192-ctr', u'aes256-ctr', u'arcfour256', u'arcfour128', u'aes128-cbc', u'3des-cbc', u'blowfish-cbc', u'cast128-cbc', u'aes192-cbc', u'aes256-cbc', u'arcfour', u'rijndael-cbc@lysator.liu.se'] server encrypt:[u'aes128-ctr', u'aes192-ctr', u'aes256-ctr', u'arcfour256', u'arcfour128', u'aes128-cbc', u'3des-cbc', u'blowfish-cbc', u'cast128-cbc', u'aes192-cbc', u'aes256-cbc', u'arcfour', u'rijndael-cbc@lysator.liu.se'] client mac:[u'hmac-md5', u'hmac-sha1', u'umac-64@openssh.com', u'hmac-sha2-256', u'hmac-sha2-512', u'hmac-ripemd160', u'hmac-ripemd160@openssh.com', u'hmac-sha1-96', u'hmac-md5-96'] server mac:[u'hmac-md5', u'hmac-sha1', u'umac-64@openssh.com', u'hmac-sha2-256', u'hmac-sha2-512', u'hmac-ripemd160', u'hmac-ripemd160@openssh.com', u'hmac-sha1-96', u'hmac-md5-96'] client compress:[u'none', u'zlib@openssh.com'] server compress:[u'none', u'zlib@openssh.com'] client lang:[u''] server lang:[u''] kex follows?False
DEB [20180601-09:38:21.082] thr=1   paramiko.transport: Kex agreed: diffie-hellman-group-exchange-sha256
DEB [20180601-09:38:21.082] thr=1   paramiko.transport: HostKey agreed: ssh-rsa
DEB [20180601-09:38:21.082] thr=1   paramiko.transport: Cipher agreed: aes128-ctr
DEB [20180601-09:38:21.082] thr=1   paramiko.transport: MAC agreed: hmac-sha2-256
DEB [20180601-09:38:21.082] thr=1   paramiko.transport: Compression agreed: none
DEB [20180601-09:38:21.084] thr=1   paramiko.transport: Got server p (2048 bits)
DEB [20180601-09:38:21.471] thr=1   paramiko.transport: kex engine KexGexSHA256 specified hash_algo <built-in function openssl_sha256>
DEB [20180601-09:38:21.473] thr=1   paramiko.transport: Switch to new keys ...
DEB [20180601-09:38:27.042] thr=1   paramiko.transport: userauth is OK
INF [20180601-09:38:27.095] thr=1   paramiko.transport: Authentication (password) successful!
DEB [20180601-09:38:27.105] thr=2   paramiko.transport: [chan 0] Max packet in: 32768 bytes
DEB [20180601-09:38:27.105] thr=1   paramiko.transport: [chan 0] Max packet out: 32768 bytes
DEB [20180601-09:38:27.105] thr=1   paramiko.transport: Secsh channel 0 opened.
DEB [20180601-09:38:27.108] thr=1   paramiko.transport: [chan 0] Sesch channel 0 request ok
DEB [20180601-09:38:27.109] thr=1   paramiko.transport: [chan 0] Sesch channel 0 request ok
DEB [20180601-09:38:27.127] thr=1   paramiko.transport: EOF in transport thread
DEB [20180601-10:12:18.825] thr=1   paramiko.transport: starting thread (client mode): 0x2caf950L
DEB [20180601-10:12:18.825] thr=1   paramiko.transport: Local version/idstring: SSH-2.0-paramiko_2.2.1
DEB [20180601-10:12:18.829] thr=1   paramiko.transport: Remote version/idstring: SSH-2.0-OpenSSH_5.3
INF [20180601-10:12:18.831] thr=1   paramiko.transport: Connected (version 2.0, client OpenSSH_5.3)
DEB [20180601-10:12:18.832] thr=1   paramiko.transport: kex algos:[u'diffie-hellman-group-exchange-sha256', u'diffie-hellman-group-exchange-sha1', u'diffie-hellman-group14-sha1', u'diffie-hellman-group1-sha1'] server key:[u'ssh-rsa', u'ssh-dss'] client encrypt:[u'aes128-ctr', u'aes192-ctr', u'aes256-ctr', u'arcfour256', u'arcfour128', u'aes128-cbc', u'3des-cbc', u'blowfish-cbc', u'cast128-cbc', u'aes192-cbc', u'aes256-cbc', u'arcfour', u'rijndael-cbc@lysator.liu.se'] server encrypt:[u'aes128-ctr', u'aes192-ctr', u'aes256-ctr', u'arcfour256', u'arcfour128', u'aes128-cbc', u'3des-cbc', u'blowfish-cbc', u'cast128-cbc', u'aes192-cbc', u'aes256-cbc', u'arcfour', u'rijndael-cbc@lysator.liu.se'] client mac:[u'hmac-md5', u'hmac-sha1', u'umac-64@openssh.com', u'hmac-sha2-256', u'hmac-sha2-512', u'hmac-ripemd160', u'hmac-ripemd160@openssh.com', u'hmac-sha1-96', u'hmac-md5-96'] server mac:[u'hmac-md5', u'hmac-sha1', u'umac-64@openssh.com', u'hmac-sha2-256', u'hmac-sha2-512', u'hmac-ripemd160', u'hmac-ripemd160@openssh.com', u'hmac-sha1-96', u'hmac-md5-96'] client compress:[u'none', u'zlib@openssh.com'] server compress:[u'none', u'zlib@openssh.com'] client lang:[u''] server lang:[u''] kex follows?False
DEB [20180601-10:12:18.832] thr=1   paramiko.transport: Kex agreed: diffie-hellman-group-exchange-sha256
DEB [20180601-10:12:18.832] thr=1   paramiko.transport: HostKey agreed: ssh-rsa
DEB [20180601-10:12:18.832] thr=1   paramiko.transport: Cipher agreed: aes128-ctr
DEB [20180601-10:12:18.832] thr=1   paramiko.transport: MAC agreed: hmac-sha2-256
DEB [20180601-10:12:18.832] thr=1   paramiko.transport: Compression agreed: none
DEB [20180601-10:12:18.832] thr=1   paramiko.transport: Got server p (2048 bits)
DEB [20180601-10:12:19.220] thr=1   paramiko.transport: kex engine KexGexSHA256 specified hash_algo <built-in function openssl_sha256>
DEB [20180601-10:12:19.221] thr=1   paramiko.transport: Switch to new keys ...
DEB [20180601-10:12:25.338] thr=1   paramiko.transport: userauth is OK
INF [20180601-10:12:25.607] thr=1   paramiko.transport: Authentication (password) successful!
DEB [20180601-10:12:25.637] thr=2   paramiko.transport: [chan 0] Max packet in: 32768 bytes
DEB [20180601-10:12:25.638] thr=1   paramiko.transport: [chan 0] Max packet out: 32768 bytes
DEB [20180601-10:12:25.638] thr=1   paramiko.transport: Secsh channel 0 opened.
DEB [20180601-10:12:25.640] thr=1   paramiko.transport: [chan 0] Sesch channel 0 request ok
DEB [20180601-10:12:25.641] thr=1   paramiko.transport: [chan 0] Sesch channel 0 request ok
DEB [20180601-10:12:25.657] thr=1   paramiko.transport: EOF in transport thread
DEB [20180601-11:01:15.532] thr=1   paramiko.transport: starting thread (client mode): 0x2caf8f0L
DEB [20180601-11:01:15.532] thr=1   paramiko.transport: Local version/idstring: SSH-2.0-paramiko_2.2.1
DEB [20180601-11:01:15.536] thr=1   paramiko.transport: Remote version/idstring: SSH-2.0-OpenSSH_5.3
INF [20180601-11:01:15.538] thr=1   paramiko.transport: Connected (version 2.0, client OpenSSH_5.3)
DEB [20180601-11:01:15.539] thr=1   paramiko.transport: kex algos:[u'diffie-hellman-group-exchange-sha256', u'diffie-hellman-group-exchange-sha1', u'diffie-hellman-group14-sha1', u'diffie-hellman-group1-sha1'] server key:[u'ssh-rsa', u'ssh-dss'] client encrypt:[u'aes128-ctr', u'aes192-ctr', u'aes256-ctr', u'arcfour256', u'arcfour128', u'aes128-cbc', u'3des-cbc', u'blowfish-cbc', u'cast128-cbc', u'aes192-cbc', u'aes256-cbc', u'arcfour', u'rijndael-cbc@lysator.liu.se'] server encrypt:[u'aes128-ctr', u'aes192-ctr', u'aes256-ctr', u'arcfour256', u'arcfour128', u'aes128-cbc', u'3des-cbc', u'blowfish-cbc', u'cast128-cbc', u'aes192-cbc', u'aes256-cbc', u'arcfour', u'rijndael-cbc@lysator.liu.se'] client mac:[u'hmac-md5', u'hmac-sha1', u'umac-64@openssh.com', u'hmac-sha2-256', u'hmac-sha2-512', u'hmac-ripemd160', u'hmac-ripemd160@openssh.com', u'hmac-sha1-96', u'hmac-md5-96'] server mac:[u'hmac-md5', u'hmac-sha1', u'umac-64@openssh.com', u'hmac-sha2-256', u'hmac-sha2-512', u'hmac-ripemd160', u'hmac-ripemd160@openssh.com', u'hmac-sha1-96', u'hmac-md5-96'] client compress:[u'none', u'zlib@openssh.com'] server compress:[u'none', u'zlib@openssh.com'] client lang:[u''] server lang:[u''] kex follows?False
DEB [20180601-11:01:15.539] thr=1   paramiko.transport: Kex agreed: diffie-hellman-group-exchange-sha256
DEB [20180601-11:01:15.539] thr=1   paramiko.transport: HostKey agreed: ssh-rsa
DEB [20180601-11:01:15.539] thr=1   paramiko.transport: Cipher agreed: aes128-ctr
DEB [20180601-11:01:15.539] thr=1   paramiko.transport: MAC agreed: hmac-sha2-256
DEB [20180601-11:01:15.539] thr=1   paramiko.transport: Compression agreed: none
DEB [20180601-11:01:15.539] thr=1   paramiko.transport: Got server p (2048 bits)
DEB [20180601-11:01:15.927] thr=1   paramiko.transport: kex engine KexGexSHA256 specified hash_algo <built-in function openssl_sha256>
DEB [20180601-11:01:15.928] thr=1   paramiko.transport: Switch to new keys ...
DEB [20180601-11:01:18.029] thr=1   paramiko.transport: EOF in transport thread
DEB [20180601-11:01:56.312] thr=1   paramiko.transport: starting thread (client mode): 0x2c128f0L
DEB [20180601-11:01:56.312] thr=1   paramiko.transport: Local version/idstring: SSH-2.0-paramiko_2.2.1
DEB [20180601-11:01:56.315] thr=1   paramiko.transport: Remote version/idstring: SSH-2.0-OpenSSH_5.3
INF [20180601-11:01:56.316] thr=1   paramiko.transport: Connected (version 2.0, client OpenSSH_5.3)
DEB [20180601-11:01:56.318] thr=1   paramiko.transport: kex algos:[u'diffie-hellman-group-exchange-sha256', u'diffie-hellman-group-exchange-sha1', u'diffie-hellman-group14-sha1', u'diffie-hellman-group1-sha1'] server key:[u'ssh-rsa', u'ssh-dss'] client encrypt:[u'aes128-ctr', u'aes192-ctr', u'aes256-ctr', u'arcfour256', u'arcfour128', u'aes128-cbc', u'3des-cbc', u'blowfish-cbc', u'cast128-cbc', u'aes192-cbc', u'aes256-cbc', u'arcfour', u'rijndael-cbc@lysator.liu.se'] server encrypt:[u'aes128-ctr', u'aes192-ctr', u'aes256-ctr', u'arcfour256', u'arcfour128', u'aes128-cbc', u'3des-cbc', u'blowfish-cbc', u'cast128-cbc', u'aes192-cbc', u'aes256-cbc', u'arcfour', u'rijndael-cbc@lysator.liu.se'] client mac:[u'hmac-md5', u'hmac-sha1', u'umac-64@openssh.com', u'hmac-sha2-256', u'hmac-sha2-512', u'hmac-ripemd160', u'hmac-ripemd160@openssh.com', u'hmac-sha1-96', u'hmac-md5-96'] server mac:[u'hmac-md5', u'hmac-sha1', u'umac-64@openssh.com', u'hmac-sha2-256', u'hmac-sha2-512', u'hmac-ripemd160', u'hmac-ripemd160@openssh.com', u'hmac-sha1-96', u'hmac-md5-96'] client compress:[u'none', u'zlib@openssh.com'] server compress:[u'none', u'zlib@openssh.com'] client lang:[u''] server lang:[u''] kex follows?False
DEB [20180601-11:01:56.318] thr=1   paramiko.transport: Kex agreed: diffie-hellman-group-exchange-sha256
DEB [20180601-11:01:56.318] thr=1   paramiko.transport: HostKey agreed: ssh-rsa
DEB [20180601-11:01:56.318] thr=1   paramiko.transport: Cipher agreed: aes128-ctr
DEB [20180601-11:01:56.318] thr=1   paramiko.transport: MAC agreed: hmac-sha2-256
DEB [20180601-11:01:56.318] thr=1   paramiko.transport: Compression agreed: none
DEB [20180601-11:01:56.319] thr=1   paramiko.transport: Got server p (2048 bits)
DEB [20180601-11:01:56.701] thr=1   paramiko.transport: kex engine KexGexSHA256 specified hash_algo <built-in function openssl_sha256>
DEB [20180601-11:01:56.703] thr=1   paramiko.transport: Switch to new keys ...
DEB [20180601-11:02:02.763] thr=1   paramiko.transport: userauth is OK
INF [20180601-11:02:03.963] thr=1   paramiko.transport: Authentication (password) successful!
DEB [20180601-11:02:03.963] thr=2   paramiko.transport: [chan 0] Max packet in: 32768 bytes
DEB [20180601-11:02:03.963] thr=1   paramiko.transport: [chan 0] Max packet out: 32768 bytes
DEB [20180601-11:02:03.963] thr=1   paramiko.transport: Secsh channel 0 opened.
DEB [20180601-11:02:03.967] thr=1   paramiko.transport: [chan 0] Sesch channel 0 request ok
DEB [20180601-11:02:03.967] thr=1   paramiko.transport: [chan 0] Sesch channel 0 request ok
